<!DOCTYPE log4j:configuration SYSTEM "log4j.dtd">
<log4j:configuration debug="false" xmlns:log4j='http://jakarta.apache.org/log4j/'>



    <appender name="console" class="org.apache.log4j.ConsoleAppender">
        <param name="threshold" value="info"/>
        <layout class="org.apache.log4j.PatternLayout">
            <param name="ConversionPattern" value="%d{yyyy-MM-dd HH:mm:ss,SSS} %-5p - %C{1}: %m%n" />
        </layout>
    </appender>

    <appender name="logstash" class="com.sonicbase.logger.Logger">
        <param name="threshold" value="info"/>
        <layout class="org.apache.log4j.PatternLayout">
            <param name="ConversionPattern" value="%d{yyyy-MM-dd HH:mm:ss,SSS} %-5p - %C{1}: %m%n" />
        </layout>
    </appender>

    <logger name="com.sonicbase.logger.logstash" additivity="false">
        <level value="info"/>
        <appender-ref ref="logstash"/>
    </logger>

    <logger name="com.sonicbase.logger" additivity="false">
        <level value="info"/>
        <appender-ref ref="console"/>
    </logger>

    <root>
        <priority value="info" />
        <appender-ref ref="console" />
        <appender-ref ref="logstash" />
        <!--<appender-ref ref="roll-errors" />-->
      <!--<appender-ref ref="console" />-->
    </root>

</log4j:configuration>
